{"total": {"lines":{"total":2133,"covered":42,"skipped":0,"pct":1.96},"statements":{"total":2133,"covered":42,"skipped":0,"pct":1.96},"functions":{"total":25,"covered":1,"skipped":0,"pct":4},"branches":{"total":25,"covered":1,"skipped":0,"pct":4},"branchesTrue":{"total":0,"covered":0,"skipped":0,"pct":100}}
,"/Users/rana.adel@dragons-group.com/Downloads/personal/INVICTUS-WebApp/Invictus/src/App.jsx": {"lines":{"total":44,"covered":0,"skipped":0,"pct":0},"functions":{"total":1,"covered":0,"skipped":0,"pct":0},"statements":{"total":44,"covered":0,"skipped":0,"pct":0},"branches":{"total":1,"covered":0,"skipped":0,"pct":0}}
,"/Users/rana.adel@dragons-group.com/Downloads/personal/INVICTUS-WebApp/Invictus/src/main.jsx": {"lines":{"total":9,"covered":0,"skipped":0,"pct":0},"functions":{"total":1,"covered":0,"skipped":0,"pct":0},"statements":{"total":9,"covered":0,"skipped":0,"pct":0},"branches":{"total":1,"covered":0,"skipped":0,"pct":0}}
,"/Users/rana.adel@dragons-group.com/Downloads/personal/INVICTUS-WebApp/Invictus/src/components/About.jsx": {"lines":{"total":103,"covered":0,"skipped":0,"pct":0},"functions":{"total":1,"covered":0,"skipped":0,"pct":0},"statements":{"total":103,"covered":0,"skipped":0,"pct":0},"branches":{"total":1,"covered":0,"skipped":0,"pct":0}}
,"/Users/rana.adel@dragons-group.com/Downloads/personal/INVICTUS-WebApp/Invictus/src/components/Community.jsx": {"lines":{"total":23,"covered":0,"skipped":0,"pct":0},"functions":{"total":1,"covered":0,"skipped":0,"pct":0},"statements":{"total":23,"covered":0,"skipped":0,"pct":0},"branches":{"total":1,"covered":0,"skipped":0,"pct":0}}
,"/Users/rana.adel@dragons-group.com/Downloads/personal/INVICTUS-WebApp/Invictus/src/components/Contact.jsx": {"lines":{"total":136,"covered":0,"skipped":0,"pct":0},"functions":{"total":1,"covered":0,"skipped":0,"pct":0},"statements":{"total":136,"covered":0,"skipped":0,"pct":0},"branches":{"total":1,"covered":0,"skipped":0,"pct":0}}
,"/Users/rana.adel@dragons-group.com/Downloads/personal/INVICTUS-WebApp/Invictus/src/components/CreateRobotPage.jsx": {"lines":{"total":68,"covered":0,"skipped":0,"pct":0},"functions":{"total":1,"covered":0,"skipped":0,"pct":0},"statements":{"total":68,"covered":0,"skipped":0,"pct":0},"branches":{"total":1,"covered":0,"skipped":0,"pct":0}}
,"/Users/rana.adel@dragons-group.com/Downloads/personal/INVICTUS-WebApp/Invictus/src/components/CustomizePage.jsx": {"lines":{"total":39,"covered":0,"skipped":0,"pct":0},"functions":{"total":1,"covered":0,"skipped":0,"pct":0},"statements":{"total":39,"covered":0,"skipped":0,"pct":0},"branches":{"total":1,"covered":0,"skipped":0,"pct":0}}
,"/Users/rana.adel@dragons-group.com/Downloads/personal/INVICTUS-WebApp/Invictus/src/components/Footer.jsx": {"lines":{"total":42,"covered":42,"skipped":0,"pct":100},"functions":{"total":1,"covered":1,"skipped":0,"pct":100},"statements":{"total":42,"covered":42,"skipped":0,"pct":100},"branches":{"total":1,"covered":1,"skipped":0,"pct":100}}
,"/Users/rana.adel@dragons-group.com/Downloads/personal/INVICTUS-WebApp/Invictus/src/components/Home.jsx": {"lines":{"total":109,"covered":0,"skipped":0,"pct":0},"functions":{"total":1,"covered":0,"skipped":0,"pct":0},"statements":{"total":109,"covered":0,"skipped":0,"pct":0},"branches":{"total":1,"covered":0,"skipped":0,"pct":0}}
,"/Users/rana.adel@dragons-group.com/Downloads/personal/INVICTUS-WebApp/Invictus/src/components/Logo.jsx": {"lines":{"total":32,"covered":0,"skipped":0,"pct":0},"functions":{"total":1,"covered":0,"skipped":0,"pct":0},"statements":{"total":32,"covered":0,"skipped":0,"pct":0},"branches":{"total":1,"covered":0,"skipped":0,"pct":0}}
,"/Users/rana.adel@dragons-group.com/Downloads/personal/INVICTUS-WebApp/Invictus/src/components/Navbar.jsx": {"lines":{"total":111,"covered":0,"skipped":0,"pct":0},"functions":{"total":1,"covered":0,"skipped":0,"pct":0},"statements":{"total":111,"covered":0,"skipped":0,"pct":0},"branches":{"total":1,"covered":0,"skipped":0,"pct":0}}
,"/Users/rana.adel@dragons-group.com/Downloads/personal/INVICTUS-WebApp/Invictus/src/components/Operations.jsx": {"lines":{"total":155,"covered":0,"skipped":0,"pct":0},"functions":{"total":1,"covered":0,"skipped":0,"pct":0},"statements":{"total":155,"covered":0,"skipped":0,"pct":0},"branches":{"total":1,"covered":0,"skipped":0,"pct":0}}
,"/Users/rana.adel@dragons-group.com/Downloads/personal/INVICTUS-WebApp/Invictus/src/components/OperationsPage.jsx": {"lines":{"total":152,"covered":0,"skipped":0,"pct":0},"functions":{"total":1,"covered":0,"skipped":0,"pct":0},"statements":{"total":152,"covered":0,"skipped":0,"pct":0},"branches":{"total":1,"covered":0,"skipped":0,"pct":0}}
,"/Users/rana.adel@dragons-group.com/Downloads/personal/INVICTUS-WebApp/Invictus/src/components/Pipeline.jsx": {"lines":{"total":63,"covered":0,"skipped":0,"pct":0},"functions":{"total":1,"covered":0,"skipped":0,"pct":0},"statements":{"total":63,"covered":0,"skipped":0,"pct":0},"branches":{"total":1,"covered":0,"skipped":0,"pct":0}}
,"/Users/rana.adel@dragons-group.com/Downloads/personal/INVICTUS-WebApp/Invictus/src/components/Products.jsx": {"lines":{"total":251,"covered":0,"skipped":0,"pct":0},"functions":{"total":1,"covered":0,"skipped":0,"pct":0},"statements":{"total":251,"covered":0,"skipped":0,"pct":0},"branches":{"total":1,"covered":0,"skipped":0,"pct":0}}
,"/Users/rana.adel@dragons-group.com/Downloads/personal/INVICTUS-WebApp/Invictus/src/components/Profile.jsx": {"lines":{"total":37,"covered":0,"skipped":0,"pct":0},"functions":{"total":1,"covered":0,"skipped":0,"pct":0},"statements":{"total":37,"covered":0,"skipped":0,"pct":0},"branches":{"total":1,"covered":0,"skipped":0,"pct":0}}
,"/Users/rana.adel@dragons-group.com/Downloads/personal/INVICTUS-WebApp/Invictus/src/components/RobotOperations.jsx": {"lines":{"total":115,"covered":0,"skipped":0,"pct":0},"functions":{"total":1,"covered":0,"skipped":0,"pct":0},"statements":{"total":115,"covered":0,"skipped":0,"pct":0},"branches":{"total":1,"covered":0,"skipped":0,"pct":0}}
,"/Users/rana.adel@dragons-group.com/Downloads/personal/INVICTUS-WebApp/Invictus/src/components/ScrollToTop.jsx": {"lines":{"total":11,"covered":0,"skipped":0,"pct":0},"functions":{"total":1,"covered":0,"skipped":0,"pct":0},"statements":{"total":11,"covered":0,"skipped":0,"pct":0},"branches":{"total":1,"covered":0,"skipped":0,"pct":0}}
,"/Users/rana.adel@dragons-group.com/Downloads/personal/INVICTUS-WebApp/Invictus/src/components/ServiceOperations.jsx": {"lines":{"total":93,"covered":0,"skipped":0,"pct":0},"functions":{"total":1,"covered":0,"skipped":0,"pct":0},"statements":{"total":93,"covered":0,"skipped":0,"pct":0},"branches":{"total":1,"covered":0,"skipped":0,"pct":0}}
,"/Users/rana.adel@dragons-group.com/Downloads/personal/INVICTUS-WebApp/Invictus/src/components/Services.jsx": {"lines":{"total":239,"covered":0,"skipped":0,"pct":0},"functions":{"total":1,"covered":0,"skipped":0,"pct":0},"statements":{"total":239,"covered":0,"skipped":0,"pct":0},"branches":{"total":1,"covered":0,"skipped":0,"pct":0}}
,"/Users/rana.adel@dragons-group.com/Downloads/personal/INVICTUS-WebApp/Invictus/src/components/Signin.jsx": {"lines":{"total":52,"covered":0,"skipped":0,"pct":0},"functions":{"total":1,"covered":0,"skipped":0,"pct":0},"statements":{"total":52,"covered":0,"skipped":0,"pct":0},"branches":{"total":1,"covered":0,"skipped":0,"pct":0}}
,"/Users/rana.adel@dragons-group.com/Downloads/personal/INVICTUS-WebApp/Invictus/src/components/Signup.jsx": {"lines":{"total":67,"covered":0,"skipped":0,"pct":0},"functions":{"total":1,"covered":0,"skipped":0,"pct":0},"statements":{"total":67,"covered":0,"skipped":0,"pct":0},"branches":{"total":1,"covered":0,"skipped":0,"pct":0}}
,"/Users/rana.adel@dragons-group.com/Downloads/personal/INVICTUS-WebApp/Invictus/src/components/StaffOperations.jsx": {"lines":{"total":74,"covered":0,"skipped":0,"pct":0},"functions":{"total":1,"covered":0,"skipped":0,"pct":0},"statements":{"total":74,"covered":0,"skipped":0,"pct":0},"branches":{"total":1,"covered":0,"skipped":0,"pct":0}}
,"/Users/rana.adel@dragons-group.com/Downloads/personal/INVICTUS-WebApp/Invictus/src/components/Stafflogin.jsx": {"lines":{"total":77,"covered":0,"skipped":0,"pct":0},"functions":{"total":1,"covered":0,"skipped":0,"pct":0},"statements":{"total":77,"covered":0,"skipped":0,"pct":0},"branches":{"total":1,"covered":0,"skipped":0,"pct":0}}
,"/Users/rana.adel@dragons-group.com/Downloads/personal/INVICTUS-WebApp/Invictus/src/shared/Banner.jsx": {"lines":{"total":31,"covered":0,"skipped":0,"pct":0},"functions":{"total":1,"covered":0,"skipped":0,"pct":0},"statements":{"total":31,"covered":0,"skipped":0,"pct":0},"branches":{"total":1,"covered":0,"skipped":0,"pct":0}}
}
